0 0
1 0
2 0
3 0
4 0
5 0
6 0
7 0
8 0
9 0
10 1
11 0
12 1
13 3
14 1
15 5
16 4
17 6
18 8
19 5
20 4
21 4
22 7
23 5
24 4
25 5
26 18
27 10
28 9
29 13
30 10
31 23
32 13
33 15
34 11
35 19
36 16
37 29
38 20
39 21
40 32
41 43
42 50
43 60
44 67
45 76
46 109
47 110
48 107
49 104
50 119
51 119
52 158
53 150
54 155
55 154
56 141
57 151
58 153
59 147
60 159
61 138
62 158
63 186
64 183
65 249
66 267
67 258
68 216
69 206
70 184
71 185
72 169
73 162
74 161
75 138
76 153
77 144
78 133
79 122
80 94
81 101
82 79
83 83
84 66
85 65
86 84
87 78
88 54
89 59
90 44
91 50
92 47
93 35
94 45
95 39
96 44
97 32
98 32
99 47
100 32
101 19
102 24
103 25
104 32
105 31
106 23
107 38
108 55
109 51
110 41
111 44
112 43
113 44
114 34
115 47
116 53
117 61
118 56
119 50
120 40
121 43
122 42
123 45
124 48
125 47
126 32
127 37
128 40
129 36
130 33
131 27
132 37
133 38
134 39
135 35
136 35
137 33
138 37
139 32
140 36
141 42
142 49
143 43
144 32
145 48
146 39
147 48
148 52
149 42
150 33
151 24
152 44
153 39
154 26
155 39
156 41
157 34
158 37
159 26
160 28
161 36
162 29
163 34
164 36
165 49
166 27
167 28
168 31
169 38
170 31
171 30
172 39
173 33
174 29
175 41
176 44
177 27
178 29
179 27
180 32
181 39
182 42
183 48
184 25
185 46
186 42
187 77
188 60
189 67
190 88
191 127
192 121
193 132
194 142
195 155
196 165
197 205
198 205
199 238
200 251
201 296
202 356
203 332
204 319
205 304
206 283
207 276
208 332
209 350
210 346
211 340
212 339
213 336
214 356
215 427
216 374
217 509
218 624
219 867
220 1032
221 1173
222 1188
223 744
224 1426
225 867
226 1891
227 1653
228 542
229 274
230 227
231 217
232 250
233 221
234 265
235 309
236 234
237 233
238 263
239 310
240 314
241 307
242 364
243 505
244 482
245 567
246 687
247 660
248 738
249 570
250 408
251 232
252 194
253 96
254 252
255 0
